<?xml version="1.0" encoding="UTF-8"?>
<!-- Generated by org.testng.reporters.JUnitXMLReporter -->
<testsuite ignored="0" hostname="APT04-GYTN0J3" failures="0" tests="2" name="Surefire test" time="9.774" errors="0" timestamp="2024-12-07T13:46:15 IST">
  <testcase classname="stanalone.tests.StandAloneTestWithPageObjectsDependentTests" name="itemValidation1" time="3.811"/>
  <testcase classname="stanalone.tests.StandAloneTestWithPageObjectsDependentTests" name="itemValidation2" time="0.719"/>
</testsuite> <!-- Surefire test -->
